#
# There is insufficient memory for the Java Runtime Environment to continue.
# Native memory allocation (malloc) failed to allocate 2522448 bytes. Error detail: Chunk::new
# Possible reasons:
#   The system is out of physical RAM or swap space
#   This process is running with CompressedOops enabled, and the Java Heap may be blocking the growth of the native heap
# Possible solutions:
#   Reduce memory load on the system
#   Increase physical memory or swap space
#   Check if swap backing store is full
#   Decrease Java heap size (-Xmx/-Xms)
#   Decrease number of Java threads
#   Decrease Java thread stack sizes (-Xss)
#   Set larger code cache with -XX:ReservedCodeCacheSize=
#   JVM is running with Unscaled Compressed Oops mode in which the Java heap is
#     placed in the first 4GB address space. The Java Heap base address is the
#     maximum limit for the native heap growth. Please use -XX:HeapBaseMinAddress
#     to set the Java Heap base and to place the Java Heap above 4GB virtual address.
# This output file may be truncated or incomplete.
#
#  Out of Memory Error (arena.cpp:191), pid=42512, tid=2904
#
# JRE version: OpenJDK Runtime Environment Temurin-17.0.12+7 (17.0.12+7) (build 17.0.12+7)
# Java VM: OpenJDK 64-Bit Server VM Temurin-17.0.12+7 (17.0.12+7, mixed mode, tiered, compressed oops, compressed class ptrs, parallel gc, windows-amd64)
# No core dump will be written. Minidumps are not enabled by default on client versions of Windows
#

---------------  S U M M A R Y ------------

Command Line: --add-modules=ALL-SYSTEM --add-opens=java.base/java.util=ALL-UNNAMED --add-opens=java.base/java.lang=ALL-UNNAMED --add-opens=java.base/sun.nio.fs=ALL-UNNAMED -Declipse.application=org.eclipse.jdt.ls.core.id1 -Dosgi.bundles.defaultStartLevel=4 -Declipse.product=org.eclipse.jdt.ls.core.product -Djava.import.generatesMetadataFilesAtProjectRoot=false -DDetectVMInstallationsJob.disabled=true -Dfile.encoding=utf8 -XX:+UseParallelGC -XX:GCTimeRatio=4 -XX:AdaptiveSizePolicyWeight=90 -Dsun.zip.disableMemoryMapping=true -Xmx1G -Xms100m -Xlog:disable -javaagent:c:\Users\julia\.vscode\extensions\redhat.java-1.34.0-win32-x64\lombok\lombok-1.18.33.jar -XX:+HeapDumpOnOutOfMemoryError -XX:HeapDumpPath=c:\Users\julia\AppData\Roaming\Code\User\workspaceStorage\968683427f7f94e5aec045fee70e7c89\redhat.java -Daether.dependencyCollector.impl=bf c:\Users\julia\.vscode\extensions\redhat.java-1.34.0-win32-x64\server\plugins\org.eclipse.equinox.launcher_1.6.900.v20240613-2009.jar -configuration c:\Users\julia\AppData\Roaming\Code\User\globalStorage\redhat.java\1.34.0\config_win -data c:\Users\julia\AppData\Roaming\Code\User\workspaceStorage\968683427f7f94e5aec045fee70e7c89\redhat.java\jdt_ws --pipe=\\.\pipe\lsp-b97c0a4f3355b22c85c284213d716b75-sock

Host: 11th Gen Intel(R) Core(TM) i5-1135G7 @ 2.40GHz, 8 cores, 7G,  Windows 11 , 64 bit Build 22621 (10.0.22621.3958)
Time: Sun Sep  1 11:08:09 2024 Hora Padrão de Buenos Aires elapsed time: 16.380771 seconds (0d 0h 0m 16s)

---------------  T H R E A D  ---------------

Current thread (0x000002e53d0cf6a0):  JavaThread "C2 CompilerThread0" daemon [_thread_in_native, id=2904, stack(0x000000e5bd000000,0x000000e5bd100000)]


Current CompileTask:
C2:  16380 13475       4       org.eclipse.jdt.internal.compiler.lookup.BinaryTypeBinding::createMethod (1724 bytes)

Stack: [0x000000e5bd000000,0x000000e5bd100000]
Native frames: (J=compiled Java code, j=interpreted, Vv=VM code, C=native code)
V  [jvm.dll+0x67f929]
V  [jvm.dll+0x8371ba]
V  [jvm.dll+0x838c7e]
V  [jvm.dll+0x8392e3]
V  [jvm.dll+0x24834f]
V  [jvm.dll+0xac9d4]
V  [jvm.dll+0xad01c]
V  [jvm.dll+0x3674a7]
V  [jvm.dll+0x1bd376]
V  [jvm.dll+0x21aa09]
V  [jvm.dll+0x219cf1]
V  [jvm.dll+0x1a58bd]
V  [jvm.dll+0x229a2d]
V  [jvm.dll+0x227bdc]
V  [jvm.dll+0x7ec1f7]
V  [jvm.dll+0x7e65dc]
V  [jvm.dll+0x67e7f7]
C  [ucrtbase.dll+0x29333]
C  [KERNEL32.DLL+0x1257d]
C  [ntdll.dll+0x5af28]


---------------  P R O C E S S  ---------------

Threads class SMR info:
_java_thread_list=0x000002e53f27bc70, length=58, elements={
0x000002e524361a10, 0x000002e5381a7040, 0x000002e5381aaa60, 0x000002e53d08d530,
0x000002e53d08de00, 0x000002e53d08f440, 0x000002e53d0900e0, 0x000002e53d0cf6a0,
0x000002e53d0fa000, 0x000002e53d105fe0, 0x000002e53d264a60, 0x000002e53d387380,
0x000002e53e9e9b20, 0x000002e53ef4ce50, 0x000002e53eed7420, 0x000002e53f5a3800,
0x000002e53f560b10, 0x000002e522056bf0, 0x000002e5220557b0, 0x000002e522054880,
0x000002e5220561d0, 0x000002e522054370, 0x000002e522055cc0, 0x000002e5220566e0,
0x000002e522057100, 0x000002e540db6780, 0x000002e540dba440, 0x000002e540db80d0,
0x000002e540db9f30, 0x000002e540db4410, 0x000002e540db5d60, 0x000002e540dba950,
0x000002e540dbbd90, 0x000002e540dbae60, 0x000002e540db4e30, 0x000002e540db6270,
0x000002e540db85e0, 0x000002e540db8af0, 0x000002e540dbb370, 0x000002e540db6c90,
0x000002e540db9000, 0x000002e540db5340, 0x000002e540db9510, 0x000002e540db9a20,
0x000002e540db4920, 0x000002e540dbb880, 0x000002e540db5850, 0x000002e542c1e3f0,
0x000002e53d0f9ab0, 0x000002e542c1c080, 0x000002e542c1f320, 0x000002e542c1a220,
0x000002e542c17eb0, 0x000002e542c1d9d0, 0x000002e542c1f830, 0x000002e542c183c0,
0x000002e542c192f0, 0x000002e542c1b660
}

Java Threads: ( => current thread )
  0x000002e524361a10 JavaThread "main" [_thread_blocked, id=29372, stack(0x000000e5bc700000,0x000000e5bc800000)]
  0x000002e5381a7040 JavaThread "Reference Handler" daemon [_thread_blocked, id=13024, stack(0x000000e5bca00000,0x000000e5bcb00000)]
  0x000002e5381aaa60 JavaThread "Finalizer" daemon [_thread_blocked, id=33100, stack(0x000000e5bcb00000,0x000000e5bcc00000)]
  0x000002e53d08d530 JavaThread "Signal Dispatcher" daemon [_thread_blocked, id=39576, stack(0x000000e5bcc00000,0x000000e5bcd00000)]
  0x000002e53d08de00 JavaThread "Attach Listener" daemon [_thread_blocked, id=39588, stack(0x000000e5bcd00000,0x000000e5bce00000)]
  0x000002e53d08f440 JavaThread "Service Thread" daemon [_thread_blocked, id=12328, stack(0x000000e5bce00000,0x000000e5bcf00000)]
  0x000002e53d0900e0 JavaThread "Monitor Deflation Thread" daemon [_thread_blocked, id=5112, stack(0x000000e5bcf00000,0x000000e5bd000000)]
=>0x000002e53d0cf6a0 JavaThread "C2 CompilerThread0" daemon [_thread_in_native, id=2904, stack(0x000000e5bd000000,0x000000e5bd100000)]
  0x000002e53d0fa000 JavaThread "C1 CompilerThread0" daemon [_thread_blocked, id=13716, stack(0x000000e5bd100000,0x000000e5bd200000)]
  0x000002e53d105fe0 JavaThread "Sweeper thread" daemon [_thread_blocked, id=42624, stack(0x000000e5bd200000,0x000000e5bd300000)]
  0x000002e53d264a60 JavaThread "Common-Cleaner" daemon [_thread_blocked, id=40664, stack(0x000000e5bd300000,0x000000e5bd400000)]
  0x000002e53d387380 JavaThread "Notification Thread" daemon [_thread_blocked, id=39900, stack(0x000000e5bd400000,0x000000e5bd500000)]
  0x000002e53e9e9b20 JavaThread "Active Thread: Equinox Container: 2985b0b4-1c00-4e16-b59b-9b62d5c07c49" [_thread_blocked, id=38532, stack(0x000000e5bde00000,0x000000e5bdf00000)]
  0x000002e53ef4ce50 JavaThread "Framework Event Dispatcher: Equinox Container: 2985b0b4-1c00-4e16-b59b-9b62d5c07c49" daemon [_thread_blocked, id=10896, stack(0x000000e5bdf00000,0x000000e5be000000)]
  0x000002e53eed7420 JavaThread "Start Level: Equinox Container: 2985b0b4-1c00-4e16-b59b-9b62d5c07c49" daemon [_thread_blocked, id=4692, stack(0x000000e5be000000,0x000000e5be100000)]
  0x000002e53f5a3800 JavaThread "Bundle File Closer" daemon [_thread_blocked, id=15932, stack(0x000000e5be200000,0x000000e5be300000)]
  0x000002e53f560b10 JavaThread "SCR Component Actor" daemon [_thread_blocked, id=29384, stack(0x000000e5be300000,0x000000e5be400000)]
  0x000002e522056bf0 JavaThread "Worker-JM" [_thread_blocked, id=42772, stack(0x000000e5be500000,0x000000e5be600000)]
  0x000002e5220557b0 JavaThread "JNA Cleaner" daemon [_thread_blocked, id=42088, stack(0x000000e5bd600000,0x000000e5bd700000)]
  0x000002e522054880 JavaThread "Worker-0" [_thread_blocked, id=26012, stack(0x000000e5bd700000,0x000000e5bd800000)]
  0x000002e5220561d0 JavaThread "Worker-1" [_thread_blocked, id=43548, stack(0x000000e5be600000,0x000000e5be700000)]
  0x000002e522054370 JavaThread "Worker-2" [_thread_blocked, id=33196, stack(0x000000e5be800000,0x000000e5be900000)]
  0x000002e522055cc0 JavaThread "Java indexing" daemon [_thread_blocked, id=41096, stack(0x000000e5be900000,0x000000e5bea00000)]
  0x000002e5220566e0 JavaThread "Worker-3" [_thread_blocked, id=26840, stack(0x000000e5bea00000,0x000000e5beb00000)]
  0x000002e522057100 JavaThread "Thread-2" daemon [_thread_in_native, id=38464, stack(0x000000e5beb00000,0x000000e5bec00000)]
  0x000002e540db6780 JavaThread "Thread-3" daemon [_thread_in_native, id=18280, stack(0x000000e5bec00000,0x000000e5bed00000)]
  0x000002e540dba440 JavaThread "Thread-4" daemon [_thread_in_native, id=21404, stack(0x000000e5bed00000,0x000000e5bee00000)]
  0x000002e540db80d0 JavaThread "Thread-5" daemon [_thread_in_native, id=24736, stack(0x000000e5bee00000,0x000000e5bef00000)]
  0x000002e540db9f30 JavaThread "Thread-6" daemon [_thread_in_native, id=34812, stack(0x000000e5bef00000,0x000000e5bf000000)]
  0x000002e540db4410 JavaThread "Thread-7" daemon [_thread_in_native, id=31612, stack(0x000000e5bf000000,0x000000e5bf100000)]
  0x000002e540db5d60 JavaThread "Thread-8" daemon [_thread_in_native, id=22532, stack(0x000000e5bf100000,0x000000e5bf200000)]
  0x000002e540dba950 JavaThread "Thread-9" daemon [_thread_in_native, id=1808, stack(0x000000e5bf200000,0x000000e5bf300000)]
  0x000002e540dbbd90 JavaThread "Thread-10" daemon [_thread_in_native, id=42472, stack(0x000000e5bf300000,0x000000e5bf400000)]
  0x000002e540dbae60 JavaThread "pool-2-thread-1" [_thread_blocked, id=13860, stack(0x000000e5bf400000,0x000000e5bf500000)]
  0x000002e540db4e30 JavaThread "WorkspaceEventsHandler" [_thread_blocked, id=17444, stack(0x000000e5bf500000,0x000000e5bf600000)]
  0x000002e540db6270 JavaThread "pool-1-thread-1" [_thread_blocked, id=32784, stack(0x000000e5bf600000,0x000000e5bf700000)]
  0x000002e540db85e0 JavaThread "Worker-4" [_thread_blocked, id=748, stack(0x000000e5bf700000,0x000000e5bf800000)]
  0x000002e540db8af0 JavaThread "Worker-5" [_thread_blocked, id=26356, stack(0x000000e5bf800000,0x000000e5bf900000)]
  0x000002e540dbb370 JavaThread "Worker-6" [_thread_blocked, id=19648, stack(0x000000e5bf900000,0x000000e5bfa00000)]
  0x000002e540db6c90 JavaThread "Worker-7" [_thread_blocked, id=11436, stack(0x000000e5bfa00000,0x000000e5bfb00000)]
  0x000002e540db9000 JavaThread "Worker-8" [_thread_blocked, id=31372, stack(0x000000e5bfb00000,0x000000e5bfc00000)]
  0x000002e540db5340 JavaThread "Compiler Source File Reader" daemon [_thread_blocked, id=3004, stack(0x000000e5bfc00000,0x000000e5bfd00000)]
  0x000002e540db9510 JavaThread "Compiler Source File Reader" daemon [_thread_blocked, id=27784, stack(0x000000e5bfd00000,0x000000e5bfe00000)]
  0x000002e540db9a20 JavaThread "Compiler Source File Reader" daemon [_thread_blocked, id=9324, stack(0x000000e5bfe00000,0x000000e5bff00000)]
  0x000002e540db4920 JavaThread "Compiler Source File Reader" daemon [_thread_blocked, id=6380, stack(0x000000e5bff00000,0x000000e5c0000000)]
  0x000002e540dbb880 JavaThread "Compiler Source File Reader" daemon [_thread_blocked, id=42700, stack(0x000000e5c0000000,0x000000e5c0100000)]
  0x000002e540db5850 JavaThread "Compiler Source File Reader" daemon [_thread_blocked, id=40076, stack(0x000000e5c0100000,0x000000e5c0200000)]
  0x000002e542c1e3f0 JavaThread "Compiler Processing Task" daemon [_thread_blocked, id=24088, stack(0x000000e5be400000,0x000000e5be500000)]
  0x000002e53d0f9ab0 JavaThread "C2 CompilerThread1" daemon [_thread_in_native, id=29548, stack(0x000000e5be700000,0x000000e5be800000)]
  0x000002e542c1c080 JavaThread "ForkJoinPool.commonPool-worker-1" daemon [_thread_blocked, id=39856, stack(0x000000e5c0700000,0x000000e5c0800000)]
  0x000002e542c1f320 JavaThread "ForkJoinPool.commonPool-worker-2" daemon [_thread_blocked, id=25848, stack(0x000000e5c0800000,0x000000e5c0900000)]
  0x000002e542c1a220 JavaThread "ForkJoinPool.commonPool-worker-3" daemon [_thread_in_vm, id=2504, stack(0x000000e5c0900000,0x000000e5c0a00000)]
  0x000002e542c17eb0 JavaThread "ForkJoinPool.commonPool-worker-5" daemon [_thread_blocked, id=4312, stack(0x000000e5c0a00000,0x000000e5c0b00000)]
  0x000002e542c1d9d0 JavaThread "ForkJoinPool.commonPool-worker-4" daemon [_thread_blocked, id=10000, stack(0x000000e5c0b00000,0x000000e5c0c00000)]
  0x000002e542c1f830 JavaThread "ForkJoinPool.commonPool-worker-6" daemon [_thread_blocked, id=33936, stack(0x000000e5c0c00000,0x000000e5c0d00000)]
  0x000002e542c183c0 JavaThread "ForkJoinPool.commonPool-worker-7" daemon [_thread_blocked, id=39748, stack(0x000000e5c0d00000,0x000000e5c0e00000)]
  0x000002e542c192f0 JavaThread "SCR Component Registry" daemon [_thread_blocked, id=43584, stack(0x000000e5c0300000,0x000000e5c0400000)]
  0x000002e542c1b660 JavaThread "Cleaner-0" daemon [_thread_blocked, id=31004, stack(0x000000e5c0400000,0x000000e5c0500000)]

Other Threads:
  0x000002e53d0845e0 VMThread "VM Thread" [stack: 0x000000e5bc900000,0x000000e5bca00000] [id=36996]
  0x000002e53e4190a0 WatcherThread [stack: 0x000000e5bd500000,0x000000e5bd600000] [id=28180]
  0x000002e5243772c0 GCTaskThread "GC Thread#0" [stack: 0x000000e5bc800000,0x000000e5bc900000] [id=26452]
  0x000002e53ecdad00 GCTaskThread "GC Thread#1" [stack: 0x000000e5bd800000,0x000000e5bd900000] [id=20096]
  0x000002e53ecdafc0 GCTaskThread "GC Thread#2" [stack: 0x000000e5bd900000,0x000000e5bda00000] [id=36608]
  0x000002e53ecdd3a0 GCTaskThread "GC Thread#3" [stack: 0x000000e5bda00000,0x000000e5bdb00000] [id=1944]
  0x000002e53ecdd660 GCTaskThread "GC Thread#4" [stack: 0x000000e5bdb00000,0x000000e5bdc00000] [id=18028]
  0x000002e53ecdd920 GCTaskThread "GC Thread#5" [stack: 0x000000e5bdc00000,0x000000e5bdd00000] [id=22924]
  0x000002e53ecddbe0 GCTaskThread "GC Thread#6" [stack: 0x000000e5bdd00000,0x000000e5bde00000] [id=33920]
  0x000002e53f214d50 GCTaskThread "GC Thread#7" [stack: 0x000000e5be100000,0x000000e5be200000] [id=29760]

Threads with active compile tasks:
C2 CompilerThread0    16474 13475       4       org.eclipse.jdt.internal.compiler.lookup.BinaryTypeBinding::createMethod (1724 bytes)
C2 CompilerThread1    16474 13604       4       java.lang.Class::searchFields (43 bytes)

VM state: not at safepoint (normal execution)

VM Mutex/Monitor currently owned by a thread: None

Heap address: 0x00000000c0000000, size: 1024 MB, Compressed Oops mode: 32-bit

CDS archive(s) not mapped
Compressed class space mapped at: 0x0000000100000000-0x0000000140000000, reserved size: 1073741824
Narrow klass base: 0x0000000000000000, Narrow klass shift: 3, Narrow klass range: 0x140000000

GC Precious Log:
 CPUs: 8 total, 8 available
 Memory: 7975M
 Large Page Support: Disabled
 NUMA Support: Disabled
 Compressed Oops: Enabled (32-bit)
 Alignments: Space 512K, Generation 512K, Heap 2M
 Heap Min Capacity: 100M
 Heap Initial Capacity: 100M
 Heap Max Capacity: 1G
 Pre-touch: Disabled
 Parallel Workers: 8

Heap:
 PSYoungGen      total 54272K, used 53431K [0x00000000eab00000, 0x00000000ee700000, 0x0000000100000000)
  eden space 53248K, 98% used [0x00000000eab00000,0x00000000ede2dc68,0x00000000edf00000)
  from space 1024K, 100% used [0x00000000ee600000,0x00000000ee700000,0x00000000ee700000)
  to   space 3584K, 0% used [0x00000000ee000000,0x00000000ee000000,0x00000000ee380000)
 ParOldGen       total 334848K, used 316087K [0x00000000c0000000, 0x00000000d4700000, 0x00000000eab00000)
  object space 334848K, 94% used [0x00000000c0000000,0x00000000d34adcf8,0x00000000d4700000)
 Metaspace       used 76462K, committed 77824K, reserved 1179648K
  class space    used 7874K, committed 8512K, reserved 1048576K

Card table byte_map: [0x000002e523cb0000,0x000002e523ec0000] _byte_map_base: 0x000002e5236b0000

Marking Bits: (ParMarkBitMap*) 0x00007ff9ef9558b0
 Begin Bits: [0x000002e535fb0000, 0x000002e536fb0000)
 End Bits:   [0x000002e536fb0000, 0x000002e537fb0000)

Polling page: 0x000002e5221f0000

Metaspace:

Usage:
  Non-class:     66.98 MB used.
      Class:      7.69 MB used.
       Both:     74.67 MB used.

Virtual space:
  Non-class space:      128.00 MB reserved,      67.69 MB ( 53%) committed,  2 nodes.
      Class space:        1.00 GB reserved,       8.31 MB ( <1%) committed,  1 nodes.
             Both:        1.12 GB reserved,      76.00 MB (  7%) committed. 

Chunk freelists:
   Non-Class:  11.39 MB
       Class:  7.50 MB
        Both:  18.89 MB

MaxMetaspaceSize: unlimited
CompressedClassSpaceSize: 1.00 GB
Initial GC threshold: 21.00 MB
Current GC threshold: 115.56 MB
CDS: off
MetaspaceReclaimPolicy: balanced
 - commit_granule_bytes: 65536.
 - commit_granule_words: 8192.
 - virtual_space_node_default_size: 8388608.
 - enlarge_chunks_in_place: 1.
 - new_chunks_are_fully_committed: 0.
 - uncommit_free_chunks: 1.
 - use_allocation_guard: 0.
 - handle_deallocations: 1.


Internal statistics:

num_allocs_failed_limit: 8.
num_arena_births: 972.
num_arena_deaths: 22.
num_vsnodes_births: 3.
num_vsnodes_deaths: 0.
num_space_committed: 1216.
num_space_uncommitted: 0.
num_chunks_returned_to_freelist: 33.
num_chunks_taken_from_freelist: 4286.
num_chunk_merges: 15.
num_chunk_splits: 2598.
num_chunks_enlarged: 1420.
num_inconsistent_stats: 0.

CodeHeap 'non-profiled nmethods': size=120000Kb used=6395Kb max_used=6941Kb free=113604Kb
 bounds [0x000002e52ea80000, 0x000002e52f150000, 0x000002e535fb0000]
CodeHeap 'profiled nmethods': size=120000Kb used=20888Kb max_used=21599Kb free=99111Kb
 bounds [0x000002e526fb0000, 0x000002e5284e0000, 0x000002e52e4e0000]
CodeHeap 'non-nmethods': size=5760Kb used=1410Kb max_used=1473Kb free=4350Kb
 bounds [0x000002e52e4e0000, 0x000002e52e750000, 0x000002e52ea80000]
 total_blobs=11355 nmethods=10605 adapters=661
 compilation: enabled
              stopped_count=0, restarted_count=0
 full_count=0

Compilation events (20 events):
Event: 16.036 Thread 0x000002e53d0f9ab0 nmethod 13405 0x000002e52ee2b990 code [0x000002e52ee2bb20, 0x000002e52ee2bfb8]
Event: 16.036 Thread 0x000002e53d0f9ab0 13534       4       org.eclipse.jdt.internal.compiler.parser.ScannerHelper::isWhitespace (26 bytes)
Event: 16.037 Thread 0x000002e53d0f9ab0 nmethod 13534 0x000002e52ef03e90 code [0x000002e52ef04000, 0x000002e52ef040b8]
Event: 16.037 Thread 0x000002e53d0f9ab0 13523       4       org.eclipse.jdt.internal.compiler.parser.ScannerHelper::isJavaIdentifierStart (28 bytes)
Event: 16.037 Thread 0x000002e53d0f9ab0 nmethod 13523 0x000002e52ef03b10 code [0x000002e52ef03c80, 0x000002e52ef03d38]
Event: 16.037 Thread 0x000002e53d0f9ab0 13526       4       org.eclipse.jdt.internal.compiler.parser.ScannerHelper::isJavaIdentifierPart (28 bytes)
Event: 16.037 Thread 0x000002e53d0f9ab0 nmethod 13526 0x000002e52f0d0690 code [0x000002e52f0d0800, 0x000002e52f0d08b8]
Event: 16.037 Thread 0x000002e53d0f9ab0 13435       4       org.eclipse.jdt.internal.compiler.lookup.ReferenceBinding::hashCode (38 bytes)
Event: 16.039 Thread 0x000002e53d0f9ab0 nmethod 13435 0x000002e52f0d0190 code [0x000002e52f0d0320, 0x000002e52f0d0548]
Event: 16.039 Thread 0x000002e53d0f9ab0 13421   !   4       org.eclipse.jdt.internal.compiler.lookup.TypeSystem::getUnannotatedType (267 bytes)
Event: 16.045 Thread 0x000002e53d0f9ab0 nmethod 13421 0x000002e52edaea90 code [0x000002e52edaec60, 0x000002e52edaf4d8]
Event: 16.045 Thread 0x000002e53d0f9ab0 13382       4       org.eclipse.jdt.internal.compiler.classfmt.ClassFileReader::getConstantClassNameAt (33 bytes)
Event: 16.053 Thread 0x000002e53d0f9ab0 nmethod 13382 0x000002e52f0aaa90 code [0x000002e52f0aac40, 0x000002e52f0ab3f8]
Event: 16.053 Thread 0x000002e53d0f9ab0 13430       4       org.eclipse.jdt.internal.compiler.lookup.TypeBinding::notEquals (41 bytes)
Event: 16.054 Thread 0x000002e53d0f9ab0 nmethod 13430 0x000002e52f0cfd90 code [0x000002e52f0cff00, 0x000002e52f0cff98]
Event: 16.054 Thread 0x000002e53d0f9ab0 13401       4       org.eclipse.jdt.internal.compiler.lookup.PackageBinding::getPackage0 (12 bytes)
Event: 16.059 Thread 0x000002e53d0f9ab0 nmethod 13401 0x000002e52eda0d90 code [0x000002e52eda0f40, 0x000002e52eda1588]
Event: 16.059 Thread 0x000002e53d0f9ab0 13393       4       org.eclipse.jdt.internal.compiler.env.IModuleAwareNameEnvironment$LookupStrategy::get (37 bytes)
Event: 16.060 Thread 0x000002e53d0f9ab0 nmethod 13393 0x000002e52ee39d10 code [0x000002e52ee39ea0, 0x000002e52ee39f58]
Event: 16.060 Thread 0x000002e53d0f9ab0 13522       4       org.eclipse.jdt.internal.compiler.parser.Parser::consumeRule (7920 bytes)

GC Heap History (20 events):
Event: 14.846 GC heap before
{Heap before GC invocations=159 (full 11):
 PSYoungGen      total 47104K, used 46744K [0x00000000eab00000, 0x00000000edb80000, 0x0000000100000000)
  eden space 45056K, 100% used [0x00000000eab00000,0x00000000ed700000,0x00000000ed700000)
  from space 2048K, 82% used [0x00000000ed980000,0x00000000edb262f8,0x00000000edb80000)
  to   space 2048K, 0% used [0x00000000ed780000,0x00000000ed780000,0x00000000ed980000)
 ParOldGen       total 334848K, used 309664K [0x00000000c0000000, 0x00000000d4700000, 0x00000000eab00000)
  object space 334848K, 92% used [0x00000000c0000000,0x00000000d2e68338,0x00000000d4700000)
 Metaspace       used 73502K, committed 74880K, reserved 1179648K
  class space    used 7576K, committed 8256K, reserved 1048576K
}
Event: 14.849 GC heap after
{Heap after GC invocations=159 (full 11):
 PSYoungGen      total 47616K, used 2042K [0x00000000eab00000, 0x00000000edf00000, 0x0000000100000000)
  eden space 45568K, 0% used [0x00000000eab00000,0x00000000eab00000,0x00000000ed780000)
  from space 2048K, 99% used [0x00000000ed780000,0x00000000ed97e980,0x00000000ed980000)
  to   space 2560K, 0% used [0x00000000edc80000,0x00000000edc80000,0x00000000edf00000)
 ParOldGen       total 334848K, used 309931K [0x00000000c0000000, 0x00000000d4700000, 0x00000000eab00000)
  object space 334848K, 92% used [0x00000000c0000000,0x00000000d2eaac38,0x00000000d4700000)
 Metaspace       used 73502K, committed 74880K, reserved 1179648K
  class space    used 7576K, committed 8256K, reserved 1048576K
}
Event: 14.884 GC heap before
{Heap before GC invocations=160 (full 11):
 PSYoungGen      total 47616K, used 47610K [0x00000000eab00000, 0x00000000edf00000, 0x0000000100000000)
  eden space 45568K, 100% used [0x00000000eab00000,0x00000000ed780000,0x00000000ed780000)
  from space 2048K, 99% used [0x00000000ed780000,0x00000000ed97e980,0x00000000ed980000)
  to   space 2560K, 0% used [0x00000000edc80000,0x00000000edc80000,0x00000000edf00000)
 ParOldGen       total 334848K, used 309931K [0x00000000c0000000, 0x00000000d4700000, 0x00000000eab00000)
  object space 334848K, 92% used [0x00000000c0000000,0x00000000d2eaac38,0x00000000d4700000)
 Metaspace       used 73513K, committed 74880K, reserved 1179648K
  class space    used 7576K, committed 8256K, reserved 1048576K
}
Event: 14.887 GC heap after
{Heap after GC invocations=160 (full 11):
 PSYoungGen      total 50688K, used 1791K [0x00000000eab00000, 0x00000000ede80000, 0x0000000100000000)
  eden space 48640K, 0% used [0x00000000eab00000,0x00000000eab00000,0x00000000eda80000)
  from space 2048K, 87% used [0x00000000edc80000,0x00000000ede3fe10,0x00000000ede80000)
  to   space 2048K, 0% used [0x00000000eda80000,0x00000000eda80000,0x00000000edc80000)
 ParOldGen       total 334848K, used 310821K [0x00000000c0000000, 0x00000000d4700000, 0x00000000eab00000)
  object space 334848K, 92% used [0x00000000c0000000,0x00000000d2f89558,0x00000000d4700000)
 Metaspace       used 73513K, committed 74880K, reserved 1179648K
  class space    used 7576K, committed 8256K, reserved 1048576K
}
Event: 14.917 GC heap before
{Heap before GC invocations=161 (full 11):
 PSYoungGen      total 50688K, used 50431K [0x00000000eab00000, 0x00000000ede80000, 0x0000000100000000)
  eden space 48640K, 100% used [0x00000000eab00000,0x00000000eda80000,0x00000000eda80000)
  from space 2048K, 87% used [0x00000000edc80000,0x00000000ede3fe10,0x00000000ede80000)
  to   space 2048K, 0% used [0x00000000eda80000,0x00000000eda80000,0x00000000edc80000)
 ParOldGen       total 334848K, used 310821K [0x00000000c0000000, 0x00000000d4700000, 0x00000000eab00000)
  object space 334848K, 92% used [0x00000000c0000000,0x00000000d2f89558,0x00000000d4700000)
 Metaspace       used 73516K, committed 74880K, reserved 1179648K
  class space    used 7576K, committed 8256K, reserved 1048576K
}
Event: 14.920 GC heap after
{Heap after GC invocations=161 (full 11):
 PSYoungGen      total 50688K, used 2036K [0x00000000eab00000, 0x00000000ee300000, 0x0000000100000000)
  eden space 48640K, 0% used [0x00000000eab00000,0x00000000eab00000,0x00000000eda80000)
  from space 2048K, 99% used [0x00000000eda80000,0x00000000edc7d048,0x00000000edc80000)
  to   space 2560K, 0% used [0x00000000ee080000,0x00000000ee080000,0x00000000ee300000)
 ParOldGen       total 334848K, used 311101K [0x00000000c0000000, 0x00000000d4700000, 0x00000000eab00000)
  object space 334848K, 92% used [0x00000000c0000000,0x00000000d2fcf558,0x00000000d4700000)
 Metaspace       used 73516K, committed 74880K, reserved 1179648K
  class space    used 7576K, committed 8256K, reserved 1048576K
}
Event: 14.950 GC heap before
{Heap before GC invocations=162 (full 11):
 PSYoungGen      total 50688K, used 50676K [0x00000000eab00000, 0x00000000ee300000, 0x0000000100000000)
  eden space 48640K, 100% used [0x00000000eab00000,0x00000000eda80000,0x00000000eda80000)
  from space 2048K, 99% used [0x00000000eda80000,0x00000000edc7d048,0x00000000edc80000)
  to   space 2560K, 0% used [0x00000000ee080000,0x00000000ee080000,0x00000000ee300000)
 ParOldGen       total 334848K, used 311101K [0x00000000c0000000, 0x00000000d4700000, 0x00000000eab00000)
  object space 334848K, 92% used [0x00000000c0000000,0x00000000d2fcf558,0x00000000d4700000)
 Metaspace       used 73519K, committed 74880K, reserved 1179648K
  class space    used 7576K, committed 8256K, reserved 1048576K
}
Event: 14.953 GC heap after
{Heap after GC invocations=162 (full 11):
 PSYoungGen      total 54272K, used 1832K [0x00000000eab00000, 0x00000000ee280000, 0x0000000100000000)
  eden space 52224K, 0% used [0x00000000eab00000,0x00000000eab00000,0x00000000ede00000)
  from space 2048K, 89% used [0x00000000ee080000,0x00000000ee24a3f0,0x00000000ee280000)
  to   space 2048K, 0% used [0x00000000ede80000,0x00000000ede80000,0x00000000ee080000)
 ParOldGen       total 334848K, used 312113K [0x00000000c0000000, 0x00000000d4700000, 0x00000000eab00000)
  object space 334848K, 93% used [0x00000000c0000000,0x00000000d30cc630,0x00000000d4700000)
 Metaspace       used 73519K, committed 74880K, reserved 1179648K
  class space    used 7576K, committed 8256K, reserved 1048576K
}
Event: 14.999 GC heap before
{Heap before GC invocations=163 (full 11):
 PSYoungGen      total 54272K, used 54056K [0x00000000eab00000, 0x00000000ee280000, 0x0000000100000000)
  eden space 52224K, 100% used [0x00000000eab00000,0x00000000ede00000,0x00000000ede00000)
  from space 2048K, 89% used [0x00000000ee080000,0x00000000ee24a3f0,0x00000000ee280000)
  to   space 2048K, 0% used [0x00000000ede80000,0x00000000ede80000,0x00000000ee080000)
 ParOldGen       total 334848K, used 312113K [0x00000000c0000000, 0x00000000d4700000, 0x00000000eab00000)
  object space 334848K, 93% used [0x00000000c0000000,0x00000000d30cc630,0x00000000d4700000)
 Metaspace       used 73532K, committed 74880K, reserved 1179648K
  class space    used 7577K, committed 8256K, reserved 1048576K
}
Event: 15.002 GC heap after
{Heap after GC invocations=163 (full 11):
 PSYoungGen      total 54784K, used 1774K [0x00000000eab00000, 0x00000000ee580000, 0x0000000100000000)
  eden space 52736K, 0% used [0x00000000eab00000,0x00000000eab00000,0x00000000ede80000)
  from space 2048K, 86% used [0x00000000ede80000,0x00000000ee03baf0,0x00000000ee080000)
  to   space 2048K, 0% used [0x00000000ee380000,0x00000000ee380000,0x00000000ee580000)
 ParOldGen       total 334848K, used 312121K [0x00000000c0000000, 0x00000000d4700000, 0x00000000eab00000)
  object space 334848K, 93% used [0x00000000c0000000,0x00000000d30ce630,0x00000000d4700000)
 Metaspace       used 73532K, committed 74880K, reserved 1179648K
  class space    used 7577K, committed 8256K, reserved 1048576K
}
Event: 15.049 GC heap before
{Heap before GC invocations=164 (full 11):
 PSYoungGen      total 54784K, used 54510K [0x00000000eab00000, 0x00000000ee580000, 0x0000000100000000)
  eden space 52736K, 100% used [0x00000000eab00000,0x00000000ede80000,0x00000000ede80000)
  from space 2048K, 86% used [0x00000000ede80000,0x00000000ee03baf0,0x00000000ee080000)
  to   space 2048K, 0% used [0x00000000ee380000,0x00000000ee380000,0x00000000ee580000)
 ParOldGen       total 334848K, used 312121K [0x00000000c0000000, 0x00000000d4700000, 0x00000000eab00000)
  object space 334848K, 93% used [0x00000000c0000000,0x00000000d30ce630,0x00000000d4700000)
 Metaspace       used 73533K, committed 74880K, reserved 1179648K
  class space    used 7577K, committed 8256K, reserved 1048576K
}
Event: 15.052 GC heap after
{Heap after GC invocations=164 (full 11):
 PSYoungGen      total 57344K, used 2030K [0x00000000eab00000, 0x00000000ee700000, 0x0000000100000000)
  eden space 55296K, 0% used [0x00000000eab00000,0x00000000eab00000,0x00000000ee100000)
  from space 2048K, 99% used [0x00000000ee380000,0x00000000ee57baf0,0x00000000ee580000)
  to   space 2560K, 0% used [0x00000000ee100000,0x00000000ee100000,0x00000000ee380000)
 ParOldGen       total 334848K, used 312129K [0x00000000c0000000, 0x00000000d4700000, 0x00000000eab00000)
  object space 334848K, 93% used [0x00000000c0000000,0x00000000d30d0630,0x00000000d4700000)
 Metaspace       used 73533K, committed 74880K, reserved 1179648K
  class space    used 7577K, committed 8256K, reserved 1048576K
}
Event: 15.107 GC heap before
{Heap before GC invocations=165 (full 11):
 PSYoungGen      total 57344K, used 57326K [0x00000000eab00000, 0x00000000ee700000, 0x0000000100000000)
  eden space 55296K, 100% used [0x00000000eab00000,0x00000000ee100000,0x00000000ee100000)
  from space 2048K, 99% used [0x00000000ee380000,0x00000000ee57baf0,0x00000000ee580000)
  to   space 2560K, 0% used [0x00000000ee100000,0x00000000ee100000,0x00000000ee380000)
 ParOldGen       total 334848K, used 312129K [0x00000000c0000000, 0x00000000d4700000, 0x00000000eab00000)
  object space 334848K, 93% used [0x00000000c0000000,0x00000000d30d0630,0x00000000d4700000)
 Metaspace       used 73536K, committed 74880K, reserved 1179648K
  class space    used 7577K, committed 8256K, reserved 1048576K
}
Event: 15.111 GC heap after
{Heap after GC invocations=165 (full 11):
 PSYoungGen      total 57856K, used 1632K [0x00000000eab00000, 0x00000000ee880000, 0x0000000100000000)
  eden space 55296K, 0% used [0x00000000eab00000,0x00000000eab00000,0x00000000ee100000)
  from space 2560K, 63% used [0x00000000ee100000,0x00000000ee298000,0x00000000ee380000)
  to   space 2048K, 0% used [0x00000000ee680000,0x00000000ee680000,0x00000000ee880000)
 ParOldGen       total 334848K, used 312992K [0x00000000c0000000, 0x00000000d4700000, 0x00000000eab00000)
  object space 334848K, 93% used [0x00000000c0000000,0x00000000d31a8260,0x00000000d4700000)
 Metaspace       used 73536K, committed 74880K, reserved 1179648K
  class space    used 7577K, committed 8256K, reserved 1048576K
}
Event: 15.251 GC heap before
{Heap before GC invocations=166 (full 11):
 PSYoungGen      total 57856K, used 56928K [0x00000000eab00000, 0x00000000ee880000, 0x0000000100000000)
  eden space 55296K, 100% used [0x00000000eab00000,0x00000000ee100000,0x00000000ee100000)
  from space 2560K, 63% used [0x00000000ee100000,0x00000000ee298000,0x00000000ee380000)
  to   space 2048K, 0% used [0x00000000ee680000,0x00000000ee680000,0x00000000ee880000)
 ParOldGen       total 334848K, used 312992K [0x00000000c0000000, 0x00000000d4700000, 0x00000000eab00000)
  object space 334848K, 93% used [0x00000000c0000000,0x00000000d31a8260,0x00000000d4700000)
 Metaspace       used 73638K, committed 75008K, reserved 1179648K
  class space    used 7587K, committed 8256K, reserved 1048576K
}
Event: 15.254 GC heap after
{Heap after GC invocations=166 (full 11):
 PSYoungGen      total 56320K, used 2025K [0x00000000eab00000, 0x00000000ee880000, 0x0000000100000000)
  eden space 54272K, 0% used [0x00000000eab00000,0x00000000eab00000,0x00000000ee000000)
  from space 2048K, 98% used [0x00000000ee680000,0x00000000ee87a400,0x00000000ee880000)
  to   space 2560K, 0% used [0x00000000ee380000,0x00000000ee380000,0x00000000ee600000)
 ParOldGen       total 334848K, used 313320K [0x00000000c0000000, 0x00000000d4700000, 0x00000000eab00000)
  object space 334848K, 93% used [0x00000000c0000000,0x00000000d31fa260,0x00000000d4700000)
 Metaspace       used 73638K, committed 75008K, reserved 1179648K
  class space    used 7587K, committed 8256K, reserved 1048576K
}
Event: 15.315 GC heap before
{Heap before GC invocations=167 (full 11):
 PSYoungGen      total 56320K, used 56297K [0x00000000eab00000, 0x00000000ee880000, 0x0000000100000000)
  eden space 54272K, 100% used [0x00000000eab00000,0x00000000ee000000,0x00000000ee000000)
  from space 2048K, 98% used [0x00000000ee680000,0x00000000ee87a400,0x00000000ee880000)
  to   space 2560K, 0% used [0x00000000ee380000,0x00000000ee380000,0x00000000ee600000)
 ParOldGen       total 334848K, used 313320K [0x00000000c0000000, 0x00000000d4700000, 0x00000000eab00000)
  object space 334848K, 93% used [0x00000000c0000000,0x00000000d31fa278,0x00000000d4700000)
 Metaspace       used 73655K, committed 75008K, reserved 1179648K
  class space    used 7587K, committed 8256K, reserved 1048576K
}
Event: 15.318 GC heap after
{Heap after GC invocations=167 (full 11):
 PSYoungGen      total 56832K, used 2132K [0x00000000eab00000, 0x00000000ee700000, 0x0000000100000000)
  eden space 54272K, 0% used [0x00000000eab00000,0x00000000eab00000,0x00000000ee000000)
  from space 2560K, 83% used [0x00000000ee380000,0x00000000ee595200,0x00000000ee600000)
  to   space 1024K, 0% used [0x00000000ee600000,0x00000000ee600000,0x00000000ee700000)
 ParOldGen       total 334848K, used 313976K [0x00000000c0000000, 0x00000000d4700000, 0x00000000eab00000)
  object space 334848K, 93% used [0x00000000c0000000,0x00000000d329e278,0x00000000d4700000)
 Metaspace       used 73655K, committed 75008K, reserved 1179648K
  class space    used 7587K, committed 8256K, reserved 1048576K
}
Event: 15.487 GC heap before
{Heap before GC invocations=168 (full 11):
 PSYoungGen      total 56832K, used 56404K [0x00000000eab00000, 0x00000000ee700000, 0x0000000100000000)
  eden space 54272K, 100% used [0x00000000eab00000,0x00000000ee000000,0x00000000ee000000)
  from space 2560K, 83% used [0x00000000ee380000,0x00000000ee595200,0x00000000ee600000)
  to   space 1024K, 0% used [0x00000000ee600000,0x00000000ee600000,0x00000000ee700000)
 ParOldGen       total 334848K, used 313978K [0x00000000c0000000, 0x00000000d4700000, 0x00000000eab00000)
  object space 334848K, 93% used [0x00000000c0000000,0x00000000d329eab8,0x00000000d4700000)
 Metaspace       used 73976K, committed 75264K, reserved 1179648K
  class space    used 7621K, committed 8256K, reserved 1048576K
}
Event: 15.491 GC heap after
{Heap after GC invocations=168 (full 11):
 PSYoungGen      total 54272K, used 1024K [0x00000000eab00000, 0x00000000ee700000, 0x0000000100000000)
  eden space 53248K, 0% used [0x00000000eab00000,0x00000000eab00000,0x00000000edf00000)
  from space 1024K, 100% used [0x00000000ee600000,0x00000000ee700000,0x00000000ee700000)
  to   space 3584K, 0% used [0x00000000ee000000,0x00000000ee000000,0x00000000ee380000)
 ParOldGen       total 334848K, used 316087K [0x00000000c0000000, 0x00000000d4700000, 0x00000000eab00000)
  object space 334848K, 94% used [0x00000000c0000000,0x00000000d34adcf8,0x00000000d4700000)
 Metaspace       used 73976K, committed 75264K, reserved 1179648K
  class space    used 7621K, committed 8256K, reserved 1048576K
}

Dll operation events (10 events):
Event: 0.007 Loaded shared library c:\Users\julia\.vscode\extensions\redhat.java-1.34.0-win32-x64\jre\17.0.12-win32-x86_64\bin\java.dll
Event: 0.153 Loaded shared library c:\Users\julia\.vscode\extensions\redhat.java-1.34.0-win32-x64\jre\17.0.12-win32-x86_64\bin\zip.dll
Event: 0.155 Loaded shared library C:\Users\julia\.vscode\extensions\redhat.java-1.34.0-win32-x64\jre\17.0.12-win32-x86_64\bin\instrument.dll
Event: 0.166 Loaded shared library C:\Users\julia\.vscode\extensions\redhat.java-1.34.0-win32-x64\jre\17.0.12-win32-x86_64\bin\net.dll
Event: 0.169 Loaded shared library C:\Users\julia\.vscode\extensions\redhat.java-1.34.0-win32-x64\jre\17.0.12-win32-x86_64\bin\nio.dll
Event: 0.174 Loaded shared library C:\Users\julia\.vscode\extensions\redhat.java-1.34.0-win32-x64\jre\17.0.12-win32-x86_64\bin\zip.dll
Event: 0.186 Loaded shared library C:\Users\julia\.vscode\extensions\redhat.java-1.34.0-win32-x64\jre\17.0.12-win32-x86_64\bin\jimage.dll
Event: 0.235 Loaded shared library c:\Users\julia\.vscode\extensions\redhat.java-1.34.0-win32-x64\jre\17.0.12-win32-x86_64\bin\verify.dll
Event: 1.057 Loaded shared library C:\Users\julia\AppData\Roaming\Code\User\globalStorage\redhat.java\1.34.0\config_win\org.eclipse.equinox.launcher\org.eclipse.equinox.launcher.win32.win32.x86_64_1.2.1100.v20240722-2106\eclipse_11904.dll
Event: 2.605 Loaded shared library C:\Users\julia\AppData\Local\Temp\jna-101485913\jna14985756614315577676.dll

Deoptimization events (20 events):
Event: 15.711 Thread 0x000002e542c17eb0 Uncommon trap: trap_request=0xffffff45 fr.pc=0x000002e52f13bc2c relative=0x0000000000001eec
Event: 15.711 Thread 0x000002e542c17eb0 Uncommon trap: reason=unstable_if action=reinterpret pc=0x000002e52f13bc2c method=org.eclipse.jdt.internal.compiler.parser.Scanner.internalScanIdentifierOrKeyword(II[C)I @ 2472 c2
Event: 15.711 Thread 0x000002e542c17eb0 DEOPT PACKING pc=0x000002e52f13bc2c sp=0x000000e5c0afdc30
Event: 15.711 Thread 0x000002e542c17eb0 DEOPT UNPACKING pc=0x000002e52e539ea3 sp=0x000000e5c0afdbb0 mode 2
Event: 16.065 Thread 0x000002e542c1a220 Uncommon trap: trap_request=0xffffffde fr.pc=0x000002e52f072d24 relative=0x00000000000035a4
Event: 16.065 Thread 0x000002e542c1a220 Uncommon trap: reason=class_check action=maybe_recompile pc=0x000002e52f072d24 method=org.eclipse.jdt.internal.core.JavaModelCache.getInfo(Lorg/eclipse/jdt/core/IJavaElement;)Lorg/eclipse/jdt/internal/compiler/env/IElementInfo; @ 152 c2
Event: 16.065 Thread 0x000002e542c1a220 DEOPT PACKING pc=0x000002e52f072d24 sp=0x000000e5c09fe2d0
Event: 16.065 Thread 0x000002e542c1a220 DEOPT UNPACKING pc=0x000002e52e539ea3 sp=0x000000e5c09fe260 mode 2
Event: 16.065 Thread 0x000002e542c1a220 Uncommon trap: trap_request=0xffffffde fr.pc=0x000002e52f072d24 relative=0x00000000000035a4
Event: 16.065 Thread 0x000002e542c1a220 Uncommon trap: reason=class_check action=maybe_recompile pc=0x000002e52f072d24 method=org.eclipse.jdt.internal.core.JavaModelCache.getInfo(Lorg/eclipse/jdt/core/IJavaElement;)Lorg/eclipse/jdt/internal/compiler/env/IElementInfo; @ 152 c2
Event: 16.065 Thread 0x000002e542c1a220 DEOPT PACKING pc=0x000002e52f072d24 sp=0x000000e5c09fe2d0
Event: 16.065 Thread 0x000002e542c1a220 DEOPT UNPACKING pc=0x000002e52e539ea3 sp=0x000000e5c09fe260 mode 2
Event: 16.065 Thread 0x000002e542c1a220 Uncommon trap: trap_request=0xffffffde fr.pc=0x000002e52f072d24 relative=0x00000000000035a4
Event: 16.065 Thread 0x000002e542c1a220 Uncommon trap: reason=class_check action=maybe_recompile pc=0x000002e52f072d24 method=org.eclipse.jdt.internal.core.JavaModelCache.getInfo(Lorg/eclipse/jdt/core/IJavaElement;)Lorg/eclipse/jdt/internal/compiler/env/IElementInfo; @ 152 c2
Event: 16.065 Thread 0x000002e542c1a220 DEOPT PACKING pc=0x000002e52f072d24 sp=0x000000e5c09fe220
Event: 16.065 Thread 0x000002e542c1a220 DEOPT UNPACKING pc=0x000002e52e539ea3 sp=0x000000e5c09fe1b0 mode 2
Event: 16.065 Thread 0x000002e542c1a220 Uncommon trap: trap_request=0xffffffde fr.pc=0x000002e52f072d24 relative=0x00000000000035a4
Event: 16.065 Thread 0x000002e542c1a220 Uncommon trap: reason=class_check action=maybe_recompile pc=0x000002e52f072d24 method=org.eclipse.jdt.internal.core.JavaModelCache.getInfo(Lorg/eclipse/jdt/core/IJavaElement;)Lorg/eclipse/jdt/internal/compiler/env/IElementInfo; @ 152 c2
Event: 16.065 Thread 0x000002e542c1a220 DEOPT PACKING pc=0x000002e52f072d24 sp=0x000000e5c09fe220
Event: 16.065 Thread 0x000002e542c1a220 DEOPT UNPACKING pc=0x000002e52e539ea3 sp=0x000000e5c09fe1b0 mode 2

Classes loaded (20 events):
Event: 13.402 Loading class java/io/FileReader
Event: 13.421 Loading class java/io/FileReader done
Event: 13.429 Loading class java/lang/UnsupportedClassVersionError
Event: 13.443 Loading class java/lang/UnsupportedClassVersionError done
Event: 13.540 Loading class jdk/internal/reflect/UnsafeQualifiedStaticIntegerFieldAccessorImpl
Event: 13.544 Loading class jdk/internal/reflect/UnsafeQualifiedStaticIntegerFieldAccessorImpl done
Event: 13.564 Loading class java/lang/invoke/MethodHandleImpl$CountingWrapper$1
Event: 13.566 Loading class java/lang/invoke/MethodHandleImpl$CountingWrapper$1 done
Event: 13.740 Loading class jdk/internal/icu/text/NormalizerBase$NFCModeImpl
Event: 13.745 Loading class jdk/internal/icu/text/NormalizerBase$NFCModeImpl done
Event: 13.745 Loading class jdk/internal/icu/impl/Norm2AllModes$NFCSingleton
Event: 13.747 Loading class jdk/internal/icu/impl/Norm2AllModes$NFCSingleton done
Event: 13.756 Loading class java/nio/StringCharBuffer
Event: 13.758 Loading class sun/nio/fs/WindowsFileCopy
Event: 13.769 Loading class java/nio/StringCharBuffer done
Event: 13.799 Loading class sun/nio/fs/WindowsFileCopy done
Event: 15.482 Loading class java/util/concurrent/ForkJoinTask$AdaptedCallable
Event: 15.482 Loading class java/util/concurrent/ForkJoinTask$AdaptedCallable done
Event: 16.195 Loading class jdk/internal/ref/CleanerImpl$InnocuousThreadFactory
Event: 16.196 Loading class jdk/internal/ref/CleanerImpl$InnocuousThreadFactory done

Classes unloaded (11 events):
Event: 3.681 Thread 0x000002e53d0845e0 Unloading class 0x0000000100252400 'java/lang/invoke/LambdaForm$MH+0x0000000100252400'
Event: 3.681 Thread 0x000002e53d0845e0 Unloading class 0x0000000100252000 'java/lang/invoke/LambdaForm$MH+0x0000000100252000'
Event: 3.681 Thread 0x000002e53d0845e0 Unloading class 0x0000000100251c00 'java/lang/invoke/LambdaForm$MH+0x0000000100251c00'
Event: 3.681 Thread 0x000002e53d0845e0 Unloading class 0x0000000100251800 'java/lang/invoke/LambdaForm$MH+0x0000000100251800'
Event: 3.681 Thread 0x000002e53d0845e0 Unloading class 0x0000000100251400 'java/lang/invoke/LambdaForm$BMH+0x0000000100251400'
Event: 3.681 Thread 0x000002e53d0845e0 Unloading class 0x0000000100251000 'java/lang/invoke/LambdaForm$DMH+0x0000000100251000'
Event: 3.681 Thread 0x000002e53d0845e0 Unloading class 0x0000000100248400 'java/lang/invoke/LambdaForm$DMH+0x0000000100248400'
Event: 10.876 Thread 0x000002e53d0845e0 Unloading class 0x000000010074b400 'java/lang/invoke/LambdaForm$MH+0x000000010074b400'
Event: 10.876 Thread 0x000002e53d0845e0 Unloading class 0x000000010074b000 'java/lang/invoke/LambdaForm$MH+0x000000010074b000'
Event: 10.876 Thread 0x000002e53d0845e0 Unloading class 0x000000010074a400 'java/lang/invoke/LambdaForm$DMH+0x000000010074a400'
Event: 10.876 Thread 0x000002e53d0845e0 Unloading class 0x000000010074a800 'java/lang/invoke/LambdaForm$DMH+0x000000010074a800'

Classes redefined (0 events):
No events

Internal exceptions (20 events):
Event: 15.202 Thread 0x000002e5220566e0 Implicit null exception at 0x000002e52ef09e38 to 0x000002e52ef0b2ac
Event: 15.263 Thread 0x000002e5220566e0 Exception <a 'sun/nio/fs/WindowsException'{0x00000000eb0ff3f0}> (0x00000000eb0ff3f0) 
thrown [s\src\hotspot\share\prims\jni.cpp, line 516]
Event: 15.263 Thread 0x000002e5220566e0 Exception <a 'sun/nio/fs/WindowsException'{0x00000000eb0ffa28}> (0x00000000eb0ffa28) 
thrown [s\src\hotspot\share\prims\jni.cpp, line 516]
Event: 15.264 Thread 0x000002e5220566e0 Exception <a 'sun/nio/fs/WindowsException'{0x00000000eb100930}> (0x00000000eb100930) 
thrown [s\src\hotspot\share\prims\jni.cpp, line 516]
Event: 15.264 Thread 0x000002e5220566e0 Exception <a 'sun/nio/fs/WindowsException'{0x00000000eb100f68}> (0x00000000eb100f68) 
thrown [s\src\hotspot\share\prims\jni.cpp, line 516]
Event: 15.264 Thread 0x000002e5220566e0 Exception <a 'sun/nio/fs/WindowsException'{0x00000000eb1028f8}> (0x00000000eb1028f8) 
thrown [s\src\hotspot\share\prims\jni.cpp, line 516]
Event: 15.264 Thread 0x000002e5220566e0 Exception <a 'sun/nio/fs/WindowsException'{0x00000000eb102f30}> (0x00000000eb102f30) 
thrown [s\src\hotspot\share\prims\jni.cpp, line 516]
Event: 15.269 Thread 0x000002e5220566e0 Exception <a 'sun/nio/fs/WindowsException'{0x00000000eb122cd0}> (0x00000000eb122cd0) 
thrown [s\src\hotspot\share\prims\jni.cpp, line 516]
Event: 15.269 Thread 0x000002e5220566e0 Exception <a 'sun/nio/fs/WindowsException'{0x00000000eb1235b0}> (0x00000000eb1235b0) 
thrown [s\src\hotspot\share\prims\jni.cpp, line 516]
Event: 15.400 Thread 0x000002e522054370 Exception <a 'java/lang/NoSuchMethodError'{0x00000000ed8fe158}: 'int java.lang.invoke.DirectMethodHandle$Holder.invokeStatic(java.lang.Object, java.lang.Object, java.lang.Object, int)'> (0x00000000ed8fe158) 
thrown [s\src\hotspot\share\interpreter\linkResolver.cpp, line 759]
Event: 15.400 Thread 0x000002e542c1c080 Exception <a 'java/lang/NoSuchMethodError'{0x00000000ed9dcb80}: 'int java.lang.invoke.DirectMethodHandle$Holder.invokeStatic(java.lang.Object, java.lang.Object, java.lang.Object, int)'> (0x00000000ed9dcb80) 
thrown [s\src\hotspot\share\interpreter\linkResolver.cpp, line 759]
Event: 15.624 Thread 0x000002e5220566e0 Exception <a 'sun/nio/fs/WindowsException'{0x00000000ebe072f8}> (0x00000000ebe072f8) 
thrown [s\src\hotspot\share\prims\jni.cpp, line 516]
Event: 15.624 Thread 0x000002e5220566e0 Exception <a 'sun/nio/fs/WindowsException'{0x00000000ebe07930}> (0x00000000ebe07930) 
thrown [s\src\hotspot\share\prims\jni.cpp, line 516]
Event: 15.625 Thread 0x000002e5220566e0 Exception <a 'sun/nio/fs/WindowsException'{0x00000000ebe08838}> (0x00000000ebe08838) 
thrown [s\src\hotspot\share\prims\jni.cpp, line 516]
Event: 15.626 Thread 0x000002e5220566e0 Exception <a 'sun/nio/fs/WindowsException'{0x00000000ebe08e70}> (0x00000000ebe08e70) 
thrown [s\src\hotspot\share\prims\jni.cpp, line 516]
Event: 15.626 Thread 0x000002e5220566e0 Exception <a 'sun/nio/fs/WindowsException'{0x00000000ebe0a800}> (0x00000000ebe0a800) 
thrown [s\src\hotspot\share\prims\jni.cpp, line 516]
Event: 15.626 Thread 0x000002e5220566e0 Exception <a 'sun/nio/fs/WindowsException'{0x00000000ebe0ae38}> (0x00000000ebe0ae38) 
thrown [s\src\hotspot\share\prims\jni.cpp, line 516]
Event: 15.638 Thread 0x000002e5220566e0 Exception <a 'sun/nio/fs/WindowsException'{0x00000000ebe2abc0}> (0x00000000ebe2abc0) 
thrown [s\src\hotspot\share\prims\jni.cpp, line 516]
Event: 15.638 Thread 0x000002e5220566e0 Exception <a 'sun/nio/fs/WindowsException'{0x00000000ebe2b4a0}> (0x00000000ebe2b4a0) 
thrown [s\src\hotspot\share\prims\jni.cpp, line 516]
Event: 15.704 Thread 0x000002e542c17eb0 Implicit null exception at 0x000002e52f0b04ac to 0x000002e52f0b050c

VM Operations (20 events):
Event: 15.049 Executing VM operation: ParallelGCFailedAllocation
Event: 15.052 Executing VM operation: ParallelGCFailedAllocation done
Event: 15.107 Executing VM operation: ParallelGCFailedAllocation
Event: 15.112 Executing VM operation: ParallelGCFailedAllocation done
Event: 15.191 Executing VM operation: HandshakeAllThreads
Event: 15.193 Executing VM operation: HandshakeAllThreads done
Event: 15.193 Executing VM operation: HandshakeAllThreads
Event: 15.197 Executing VM operation: HandshakeAllThreads done
Event: 15.222 Executing VM operation: HandshakeAllThreads
Event: 15.223 Executing VM operation: HandshakeAllThreads done
Event: 15.251 Executing VM operation: ParallelGCFailedAllocation
Event: 15.255 Executing VM operation: ParallelGCFailedAllocation done
Event: 15.313 Executing VM operation: ParallelGCFailedAllocation
Event: 15.315 Executing VM operation: ParallelGCFailedAllocation done
Event: 15.315 Executing VM operation: ParallelGCSystemGC
Event: 15.319 Executing VM operation: ParallelGCSystemGC done
Event: 15.439 Executing VM operation: HandshakeAllThreads
Event: 15.441 Executing VM operation: HandshakeAllThreads done
Event: 15.487 Executing VM operation: ParallelGCFailedAllocation
Event: 15.491 Executing VM operation: ParallelGCFailedAllocation done

Events (20 events):
Event: 15.470 Thread 0x000002e53d105fe0 flushing nmethod 0x000002e528045d10
Event: 15.470 Thread 0x000002e53d105fe0 flushing nmethod 0x000002e528053c10
Event: 15.470 Thread 0x000002e53d105fe0 flushing nmethod 0x000002e528066590
Event: 15.471 Thread 0x000002e53d105fe0 flushing nmethod 0x000002e5280a8790
Event: 15.471 Thread 0x000002e53d105fe0 flushing nmethod 0x000002e5280b9f90
Event: 15.471 Thread 0x000002e53d105fe0 flushing nmethod 0x000002e5280ce890
Event: 15.471 Thread 0x000002e53d105fe0 flushing nmethod 0x000002e5280ec290
Event: 15.471 Thread 0x000002e53d105fe0 flushing nmethod 0x000002e528139e10
Event: 15.471 Thread 0x000002e53d105fe0 flushing nmethod 0x000002e528184c90
Event: 15.471 Thread 0x000002e53d105fe0 flushing nmethod 0x000002e5281a0910
Event: 15.471 Thread 0x000002e53d105fe0 flushing nmethod 0x000002e5281a1d10
Event: 15.471 Thread 0x000002e53d105fe0 flushing nmethod 0x000002e5281a6c10
Event: 15.472 Thread 0x000002e53d105fe0 flushing nmethod 0x000002e52825c090
Event: 15.472 Thread 0x000002e53d105fe0 flushing nmethod 0x000002e5282a1290
Event: 15.472 Thread 0x000002e53d105fe0 flushing nmethod 0x000002e5282aba10
Event: 15.472 Thread 0x000002e53d105fe0 flushing nmethod 0x000002e5282f9b10
Event: 15.472 Thread 0x000002e53d105fe0 flushing nmethod 0x000002e528300090
Event: 15.473 Thread 0x000002e53d105fe0 flushing nmethod 0x000002e52836da10
Event: 15.473 Thread 0x000002e53d105fe0 flushing nmethod 0x000002e52836e110
Event: 16.197 Thread 0x000002e542c1b660 Thread added: 0x000002e542c1b660


Dynamic libraries:
0x00007ff7b1db0000 - 0x00007ff7b1dbe000 	c:\Users\julia\.vscode\extensions\redhat.java-1.34.0-win32-x64\jre\17.0.12-win32-x86_64\bin\java.exe
0x00007ffa5e7b0000 - 0x00007ffa5e9c7000 	C:\WINDOWS\SYSTEM32\ntdll.dll
0x00007ffa5cc70000 - 0x00007ffa5cd34000 	C:\WINDOWS\System32\KERNEL32.DLL
0x00007ffa5c130000 - 0x00007ffa5c4dd000 	C:\WINDOWS\System32\KERNELBASE.dll
0x00007ffa5bad0000 - 0x00007ffa5bbe1000 	C:\WINDOWS\System32\ucrtbase.dll
0x00007ffa4c890000 - 0x00007ffa4c8a7000 	c:\Users\julia\.vscode\extensions\redhat.java-1.34.0-win32-x64\jre\17.0.12-win32-x86_64\bin\jli.dll
0x00007ffa5c9b0000 - 0x00007ffa5cb5e000 	C:\WINDOWS\System32\USER32.dll
0x00007ffa5bfe0000 - 0x00007ffa5c006000 	C:\WINDOWS\System32\win32u.dll
0x00007ffa5e5e0000 - 0x00007ffa5e609000 	C:\WINDOWS\System32\GDI32.dll
0x00007ffa5c010000 - 0x00007ffa5c129000 	C:\WINDOWS\System32\gdi32full.dll
0x00007ffa5be00000 - 0x00007ffa5be9a000 	C:\WINDOWS\System32\msvcp_win.dll
0x00007ffa4bf20000 - 0x00007ffa4bf3b000 	c:\Users\julia\.vscode\extensions\redhat.java-1.34.0-win32-x64\jre\17.0.12-win32-x86_64\bin\VCRUNTIME140.dll
0x00007ffa1fdf0000 - 0x00007ffa20083000 	C:\WINDOWS\WinSxS\amd64_microsoft.windows.common-controls_6595b64144ccf1df_6.0.22621.3672_none_2713b9d173822955\COMCTL32.dll
0x00007ffa5e320000 - 0x00007ffa5e3c7000 	C:\WINDOWS\System32\msvcrt.dll
0x00007ffa5c4e0000 - 0x00007ffa5c511000 	C:\WINDOWS\System32\IMM32.DLL
0x00007ffa2fc20000 - 0x00007ffa2fd3a000 	C:\Program Files\Topaz OFD\Warsaw\wslbscr64.dll
0x00007ffa5cbb0000 - 0x00007ffa5cc62000 	C:\WINDOWS\System32\ADVAPI32.dll
0x00007ffa5e270000 - 0x00007ffa5e319000 	C:\WINDOWS\System32\sechost.dll
0x00007ffa5bbf0000 - 0x00007ffa5bc18000 	C:\WINDOWS\System32\bcrypt.dll
0x00007ffa5e4c0000 - 0x00007ffa5e5d4000 	C:\WINDOWS\System32\RPCRT4.dll
0x00007ffa5d9f0000 - 0x00007ffa5e258000 	C:\WINDOWS\System32\SHELL32.dll
0x00007ffa5abd0000 - 0x00007ffa5ac04000 	C:\WINDOWS\SYSTEM32\ntmarta.dll
0x00007ffa2fb20000 - 0x00007ffa2fc1a000 	C:\Program Files\Topaz OFD\Warsaw\wslbscrwh64.dll
0x00007ffa4f830000 - 0x00007ffa4f83c000 	c:\Users\julia\.vscode\extensions\redhat.java-1.34.0-win32-x64\jre\17.0.12-win32-x86_64\bin\vcruntime140_1.dll
0x00007ffa4a090000 - 0x00007ffa4a11d000 	c:\Users\julia\.vscode\extensions\redhat.java-1.34.0-win32-x64\jre\17.0.12-win32-x86_64\bin\msvcp140.dll
0x00007ff9eedb0000 - 0x00007ff9efa1a000 	c:\Users\julia\.vscode\extensions\redhat.java-1.34.0-win32-x64\jre\17.0.12-win32-x86_64\bin\server\jvm.dll
0x00007ffa5e440000 - 0x00007ffa5e4b1000 	C:\WINDOWS\System32\WS2_32.dll
0x00007ffa5a920000 - 0x00007ffa5a96d000 	C:\WINDOWS\SYSTEM32\POWRPROF.dll
0x00007ffa55ff0000 - 0x00007ffa56024000 	C:\WINDOWS\SYSTEM32\WINMM.dll
0x00007ffa54820000 - 0x00007ffa5482a000 	C:\WINDOWS\SYSTEM32\VERSION.dll
0x00007ffa5a900000 - 0x00007ffa5a913000 	C:\WINDOWS\SYSTEM32\UMPDC.dll
0x00007ffa5abb0000 - 0x00007ffa5abc8000 	C:\WINDOWS\SYSTEM32\kernel.appcore.dll
0x00007ffa4f250000 - 0x00007ffa4f25a000 	c:\Users\julia\.vscode\extensions\redhat.java-1.34.0-win32-x64\jre\17.0.12-win32-x86_64\bin\jimage.dll
0x00007ffa59070000 - 0x00007ffa592a2000 	C:\WINDOWS\SYSTEM32\DBGHELP.DLL
0x00007ffa5d0c0000 - 0x00007ffa5d44d000 	C:\WINDOWS\System32\combase.dll
0x000002e5239f0000 - 0x000002e523ac7000 	C:\WINDOWS\System32\OLEAUT32.dll
0x00007ffa52aa0000 - 0x00007ffa52ad2000 	C:\WINDOWS\SYSTEM32\dbgcore.DLL
0x00007ffa5bf60000 - 0x00007ffa5bfdb000 	C:\WINDOWS\System32\bcryptPrimitives.dll
0x00007ffa506a0000 - 0x00007ffa506ae000 	c:\Users\julia\.vscode\extensions\redhat.java-1.34.0-win32-x64\jre\17.0.12-win32-x86_64\bin\instrument.dll
0x00007ffa4b2e0000 - 0x00007ffa4b305000 	c:\Users\julia\.vscode\extensions\redhat.java-1.34.0-win32-x64\jre\17.0.12-win32-x86_64\bin\java.dll
0x00007ffa4b9f0000 - 0x00007ffa4ba08000 	c:\Users\julia\.vscode\extensions\redhat.java-1.34.0-win32-x64\jre\17.0.12-win32-x86_64\bin\zip.dll
0x00007ffa599e0000 - 0x00007ffa5a2de000 	C:\WINDOWS\SYSTEM32\windows.storage.dll
0x00007ffa598a0000 - 0x00007ffa599df000 	C:\WINDOWS\SYSTEM32\wintypes.dll
0x00007ffa5c850000 - 0x00007ffa5c949000 	C:\WINDOWS\System32\SHCORE.dll
0x000002e524230000 - 0x000002e52428e000 	C:\WINDOWS\System32\shlwapi.dll
0x00007ffa5ba00000 - 0x00007ffa5ba21000 	C:\WINDOWS\SYSTEM32\profapi.dll
0x00007ffa4bab0000 - 0x00007ffa4bac9000 	C:\Users\julia\.vscode\extensions\redhat.java-1.34.0-win32-x64\jre\17.0.12-win32-x86_64\bin\net.dll
0x00007ffa57200000 - 0x00007ffa57336000 	C:\WINDOWS\SYSTEM32\WINHTTP.dll
0x00007ffa5b010000 - 0x00007ffa5b079000 	C:\WINDOWS\system32\mswsock.dll
0x00007ffa4ba10000 - 0x00007ffa4ba26000 	C:\Users\julia\.vscode\extensions\redhat.java-1.34.0-win32-x64\jre\17.0.12-win32-x86_64\bin\nio.dll
0x00007ffa4cfa0000 - 0x00007ffa4cfb0000 	c:\Users\julia\.vscode\extensions\redhat.java-1.34.0-win32-x64\jre\17.0.12-win32-x86_64\bin\verify.dll
0x00007ffa4b7d0000 - 0x00007ffa4b815000 	C:\Users\julia\AppData\Roaming\Code\User\globalStorage\redhat.java\1.34.0\config_win\org.eclipse.equinox.launcher\org.eclipse.equinox.launcher.win32.win32.x86_64_1.2.1100.v20240722-2106\eclipse_11904.dll
0x000002e53fd40000 - 0x000002e53fee5000 	C:\WINDOWS\System32\ole32.dll
0x00007ffa5b2b0000 - 0x00007ffa5b2cb000 	C:\WINDOWS\SYSTEM32\CRYPTSP.dll
0x00007ffa5ab10000 - 0x00007ffa5ab45000 	C:\WINDOWS\system32\rsaenh.dll
0x00007ffa5b0b0000 - 0x00007ffa5b0d8000 	C:\WINDOWS\SYSTEM32\USERENV.dll
0x00007ffa5b210000 - 0x00007ffa5b21c000 	C:\WINDOWS\SYSTEM32\CRYPTBASE.dll
0x00007ffa5a5b0000 - 0x00007ffa5a5dd000 	C:\WINDOWS\SYSTEM32\IPHLPAPI.DLL
0x00007ffa5e260000 - 0x00007ffa5e269000 	C:\WINDOWS\System32\NSI.dll
0x00007ffa570e0000 - 0x00007ffa570f9000 	C:\WINDOWS\SYSTEM32\dhcpcsvc6.DLL
0x00007ffa570c0000 - 0x00007ffa570df000 	C:\WINDOWS\SYSTEM32\dhcpcsvc.DLL
0x00007ffa5a5e0000 - 0x00007ffa5a6d8000 	C:\WINDOWS\SYSTEM32\DNSAPI.dll
0x00007ffa49410000 - 0x00007ffa49455000 	C:\Users\julia\AppData\Local\Temp\jna-101485913\jna14985756614315577676.dll
0x00007ffa5e3d0000 - 0x00007ffa5e3d8000 	C:\WINDOWS\System32\PSAPI.DLL

dbghelp: loaded successfully - version: 4.0.5 - missing functions: none
symbol engine: initialized successfully - sym options: 0x614 - pdb path: .;c:\Users\julia\.vscode\extensions\redhat.java-1.34.0-win32-x64\jre\17.0.12-win32-x86_64\bin;C:\WINDOWS\SYSTEM32;C:\WINDOWS\WinSxS\amd64_microsoft.windows.common-controls_6595b64144ccf1df_6.0.22621.3672_none_2713b9d173822955;C:\Program Files\Topaz OFD\Warsaw;c:\Users\julia\.vscode\extensions\redhat.java-1.34.0-win32-x64\jre\17.0.12-win32-x86_64\bin\server;C:\Users\julia\AppData\Roaming\Code\User\globalStorage\redhat.java\1.34.0\config_win\org.eclipse.equinox.launcher\org.eclipse.equinox.launcher.win32.win32.x86_64_1.2.1100.v20240722-2106;C:\Users\julia\AppData\Local\Temp\jna-101485913

VM Arguments:
jvm_args: --add-modules=ALL-SYSTEM --add-opens=java.base/java.util=ALL-UNNAMED --add-opens=java.base/java.lang=ALL-UNNAMED --add-opens=java.base/sun.nio.fs=ALL-UNNAMED -Declipse.application=org.eclipse.jdt.ls.core.id1 -Dosgi.bundles.defaultStartLevel=4 -Declipse.product=org.eclipse.jdt.ls.core.product -Djava.import.generatesMetadataFilesAtProjectRoot=false -DDetectVMInstallationsJob.disabled=true -Dfile.encoding=utf8 -XX:+UseParallelGC -XX:GCTimeRatio=4 -XX:AdaptiveSizePolicyWeight=90 -Dsun.zip.disableMemoryMapping=true -Xmx1G -Xms100m -Xlog:disable -javaagent:c:\Users\julia\.vscode\extensions\redhat.java-1.34.0-win32-x64\lombok\lombok-1.18.33.jar -XX:+HeapDumpOnOutOfMemoryError -XX:HeapDumpPath=c:\Users\julia\AppData\Roaming\Code\User\workspaceStorage\968683427f7f94e5aec045fee70e7c89\redhat.java -Daether.dependencyCollector.impl=bf 
java_command: c:\Users\julia\.vscode\extensions\redhat.java-1.34.0-win32-x64\server\plugins\org.eclipse.equinox.launcher_1.6.900.v20240613-2009.jar -configuration c:\Users\julia\AppData\Roaming\Code\User\globalStorage\redhat.java\1.34.0\config_win -data c:\Users\julia\AppData\Roaming\Code\User\workspaceStorage\968683427f7f94e5aec045fee70e7c89\redhat.java\jdt_ws --pipe=\\.\pipe\lsp-b97c0a4f3355b22c85c284213d716b75-sock
java_class_path (initial): c:\Users\julia\.vscode\extensions\redhat.java-1.34.0-win32-x64\server\plugins\org.eclipse.equinox.launcher_1.6.900.v20240613-2009.jar
Launcher Type: SUN_STANDARD

[Global flags]
    uintx AdaptiveSizePolicyWeight                 = 90                                        {product} {command line}
     intx CICompilerCount                          = 4                                         {product} {ergonomic}
    uintx GCTimeRatio                              = 4                                         {product} {command line}
     bool HeapDumpOnOutOfMemoryError               = true                                   {manageable} {command line}
    ccstr HeapDumpPath                             = c:\Users\julia\AppData\Roaming\Code\User\workspaceStorage\968683427f7f94e5aec045fee70e7c89\redhat.java         {manageable} {command line}
   size_t InitialHeapSize                          = 104857600                                 {product} {command line}
   size_t MaxHeapSize                              = 1073741824                                {product} {command line}
   size_t MaxNewSize                               = 357564416                                 {product} {ergonomic}
   size_t MinHeapDeltaBytes                        = 524288                                    {product} {ergonomic}
   size_t MinHeapSize                              = 104857600                                 {product} {command line}
   size_t NewSize                                  = 34603008                                  {product} {ergonomic}
    uintx NonNMethodCodeHeapSize                   = 5839372                                {pd product} {ergonomic}
    uintx NonProfiledCodeHeapSize                  = 122909434                              {pd product} {ergonomic}
   size_t OldSize                                  = 70254592                                  {product} {ergonomic}
    uintx ProfiledCodeHeapSize                     = 122909434                              {pd product} {ergonomic}
    uintx ReservedCodeCacheSize                    = 251658240                              {pd product} {ergonomic}
     bool SegmentedCodeCache                       = true                                      {product} {ergonomic}
   size_t SoftMaxHeapSize                          = 1073741824                             {manageable} {ergonomic}
     bool UseCompressedClassPointers               = true                           {product lp64_product} {ergonomic}
     bool UseCompressedOops                        = true                           {product lp64_product} {ergonomic}
     bool UseLargePagesIndividualAllocation        = false                                  {pd product} {ergonomic}
     bool UseParallelGC                            = true                                      {product} {command line}

Logging:
Log output configuration:
 #0: stdout all=off uptime,level,tags
 #1: stderr all=off uptime,level,tags

Environment Variables:
JAVA_HOME=C:\Program Files\Java\jdk-22
PATH=C:\Program Files\Common Files\Oracle\Java\javapath;C:\MinGW\bin;C:\flutter\bin;D:\OracleXE213_Win64\dbhomeXE\bin;C:\WINDOWS\system32;C:\WINDOWS;C:\WINDOWS\System32\Wbem;C:\WINDOWS\System32\WindowsPowerShell\v1.0\;C:\WINDOWS\System32\OpenSSH\;C:\Users\julia\AppData\Local\Microsoft\WindowsApps;C:\Users\julia\AppData\Local\Programs\Microsoft VS Code\bin;C:\Users\julia\AppData\Roaming\npm;C:\Users\julia\AppData\Local\Pub\Cache\bin;C:\Program Files\Git\cmd;C:\Program Files\nodejs\;C:\Users\julia\apache-maven-3.9.7\bin;C:\Users\julia\AppData\Local\Programs\Python\Python312\Scripts\;C:\Users\julia\AppData\Local\Programs\Python\Python312\;C:\Users\julia\AppData\Local\Microsoft\WindowsApps;C:\Program Files\Azure Data Studio\bin;C:\Users\julia\AppData\Local\Programs\Microsoft VS Code\bin;C:\Users\julia\AppData\Local\GitHubDesktop\bin;C:\Users\julia\AppData\Local\Microsoft\WinGet\Packages\Schniz.fnm_Microsoft.Winget.Source_8wekyb3d8bbwe;C:\Users\julia\AppData\Roaming\npm;"C:\Users\julia\apache-maven-3.9.7;C:\Users\julia\apache-maven-3.9.7\bin";C:\Program Files\Java\jdk-22\bin;
USERNAME=julia
OS=Windows_NT
PROCESSOR_IDENTIFIER=Intel64 Family 6 Model 140 Stepping 1, GenuineIntel
TMP=C:\Users\julia\AppData\Local\Temp
TEMP=C:\Users\julia\AppData\Local\Temp



Periodic native trim disabled


---------------  S Y S T E M  ---------------

OS:
 Windows 11 , 64 bit Build 22621 (10.0.22621.3958)
OS uptime: 15 days 5:56 hours
Hyper-V role detected

CPU: total 8 (initial active 8) (4 cores per cpu, 2 threads per core) family 6 model 140 stepping 1 microcode 0xb6, cx8, cmov, fxsr, ht, mmx, 3dnowpref, sse, sse2, sse3, ssse3, sse4.1, sse4.2, popcnt, lzcnt, tsc, tscinvbit, avx, avx2, aes, erms, clmul, bmi1, bmi2, adx, avx512f, avx512dq, avx512cd, avx512bw, avx512vl, sha, fma, vzeroupper, avx512_vpopcntdq, avx512_vpclmulqdq, avx512_vaes, avx512_vnni, clflush, clflushopt, clwb, avx512_vbmi2, avx512_vbmi, hv
Processor Information for processor 0
  Max Mhz: 2419, Current Mhz: 2419, Mhz Limit: 2419
Processor Information for processor 1
  Max Mhz: 2419, Current Mhz: 2419, Mhz Limit: 2419
Processor Information for processor 2
  Max Mhz: 2419, Current Mhz: 2419, Mhz Limit: 2419
Processor Information for processor 3
  Max Mhz: 2419, Current Mhz: 2419, Mhz Limit: 2419
Processor Information for processor 4
  Max Mhz: 2419, Current Mhz: 2419, Mhz Limit: 2419
Processor Information for processor 5
  Max Mhz: 2419, Current Mhz: 2419, Mhz Limit: 2419
Processor Information for processor 6
  Max Mhz: 2419, Current Mhz: 1209, Mhz Limit: 2419
Processor Information for processor 7
  Max Mhz: 2419, Current Mhz: 2419, Mhz Limit: 2419

Memory: 4k page, system-wide physical 7975M (309M free)
TotalPageFile size 32551M (AvailPageFile size 6M)
current process WorkingSet (physical memory assigned to process): 496M, peak: 568M
current process commit charge ("private bytes"): 661M, peak: 663M

vm_info: OpenJDK 64-Bit Server VM (17.0.12+7) for windows-amd64 JRE (17.0.12+7), built on Jul 16 2024 22:08:24 by "admin" with MS VC++ 16.10 / 16.11 (VS2019)

END.
